<?xml version="1.0" encoding="UTF-8"?>
<!-- Generated by org.testng.reporters.JUnitReportReporter -->
<testsuite hostname="Caos-Mac-mini.local" failures="0" tests="2" name="com.tutorialsninja.qa.testcases.Login" time="13.096" errors="0" timestamp="2023-03-08T15:34:38 ICT" skipped="0">
  <testcase classname="com.tutorialsninja.qa.testcases.Login" name="verifyLoginWithValidCredentials" time="5.000"/>
  <system-out/>
  <testcase classname="com.tutorialsninja.qa.testcases.Login" name="verifyLoginWithValidCredentials" time="8.096"/>
  <system-out/>
</testsuite> <!-- com.tutorialsninja.qa.testcases.Login -->
